# JRE version: OpenJDK Runtime Environment (8.0_242-b01) (build 1.8.0_242-release-1644-b01)
# Java VM: OpenJDK 64-Bit Server VM (25.242-b01 mixed mode windows-amd64 compressed oops)
Heap:
 PSYoungGen      total 583168K, used 223096K [0x00000000d5580000, 0x00000000ffb80000, 0x0000000100000000)
  eden space 479744K, 39% used [0x00000000d5580000,0x00000000e0dfbb58,0x00000000f2a00000)
  from space 103424K, 33% used [0x00000000f2a00000,0x00000000f4b624c8,0x00000000f8f00000)
  to   space 98304K, 0% used [0x00000000f9b80000,0x00000000f9b80000,0x00000000ffb80000)
 ParOldGen       total 419328K, used 83285K [0x0000000080000000, 0x0000000099980000, 0x00000000d5580000)
  object space 419328K, 19% used [0x0000000080000000,0x0000000085155630,0x0000000099980000)
 Metaspace       used 208049K, capacity 217342K, committed 217584K, reserved 1241088K
  class space    used 24990K, capacity 26572K, committed 26672K, reserved 1048576K
GC Heap History (10 events):
Event: 7609.988 GC heap before
{Heap before GC invocations=34 (full 5):
 PSYoungGen      total 560128K, used 478094K [0x00000000d5580000, 0x00000000ff480000, 0x0000000100000000)
  eden space 448512K, 100% used [0x00000000d5580000,0x00000000f0b80000,0x00000000f0b80000)
  from space 111616K, 26% used [0x00000000f8780000,0x00000000fa4638d8,0x00000000ff480000)
  to   space 119296K, 0% used [0x00000000f0b80000,0x00000000f0b80000,0x00000000f8000000)
 ParOldGen       total 419328K, used 83245K [0x0000000080000000, 0x0000000099980000, 0x00000000d5580000)
  object space 419328K, 19% used [0x0000000080000000,0x000000008514b630,0x0000000099980000)
 Metaspace       used 186971K, capacity 193548K, committed 193648K, reserved 1218560K
  class space    used 22472K, capacity 23653K, committed 23728K, reserved 1048576K
Event: 7610.006 GC heap after
Heap after GC invocations=34 (full 5):
 PSYoungGen      total 567808K, used 27581K [0x00000000d5580000, 0x0000000100000000, 0x0000000100000000)
  eden space 448512K, 0% used [0x00000000d5580000,0x00000000d5580000,0x00000000f0b80000)
  from space 119296K, 23% used [0x00000000f0b80000,0x00000000f266f520,0x00000000f8000000)
  to   space 115712K, 0% used [0x00000000f8f00000,0x00000000f8f00000,0x0000000100000000)
 ParOldGen       total 419328K, used 83253K [0x0000000080000000, 0x0000000099980000, 0x00000000d5580000)
  object space 419328K, 19% used [0x0000000080000000,0x000000008514d630,0x0000000099980000)
 Metaspace       used 186971K, capacity 193548K, committed 193648K, reserved 1218560K
  class space    used 22472K, capacity 23653K, committed 23728K, reserved 1048576K
}
Event: 7648.122 GC heap before
{Heap before GC invocations=35 (full 5):
 PSYoungGen      total 567808K, used 476093K [0x00000000d5580000, 0x0000000100000000, 0x0000000100000000)
  eden space 448512K, 100% used [0x00000000d5580000,0x00000000f0b80000,0x00000000f0b80000)
  from space 119296K, 23% used [0x00000000f0b80000,0x00000000f266f520,0x00000000f8000000)
  to   space 115712K, 0% used [0x00000000f8f00000,0x00000000f8f00000,0x0000000100000000)
 ParOldGen       total 419328K, used 83253K [0x0000000080000000, 0x0000000099980000, 0x00000000d5580000)
  object space 419328K, 19% used [0x0000000080000000,0x000000008514d630,0x0000000099980000)
 Metaspace       used 195383K, capacity 202424K, committed 202608K, reserved 1226752K
  class space    used 23413K, capacity 24647K, committed 24752K, reserved 1048576K
Event: 7648.135 GC heap after
Heap after GC invocations=35 (full 5):
 PSYoungGen      total 568832K, used 25338K [0x00000000d5580000, 0x00000000ff580000, 0x0000000100000000)
  eden space 463872K, 0% used [0x00000000d5580000,0x00000000d5580000,0x00000000f1a80000)
  from space 104960K, 24% used [0x00000000f8f00000,0x00000000fa7beb78,0x00000000ff580000)
  to   space 112128K, 0% used [0x00000000f1a80000,0x00000000f1a80000,0x00000000f8800000)
 ParOldGen       total 419328K, used 83261K [0x0000000080000000, 0x0000000099980000, 0x00000000d5580000)
  object space 419328K, 19% used [0x0000000080000000,0x000000008514f630,0x0000000099980000)
 Metaspace       used 195383K, capacity 202424K, committed 202608K, reserved 1226752K
  class space    used 23413K, capacity 24647K, committed 24752K, reserved 1048576K
}
Event: 7684.916 GC heap before
{Heap before GC invocations=36 (full 5):
 PSYoungGen      total 568832K, used 489206K [0x00000000d5580000, 0x00000000ff580000, 0x0000000100000000)
  eden space 463872K, 99% used [0x00000000d5580000,0x00000000f1a7ee30,0x00000000f1a80000)
  from space 104960K, 24% used [0x00000000f8f00000,0x00000000fa7beb78,0x00000000ff580000)
  to   space 112128K, 0% used [0x00000000f1a80000,0x00000000f1a80000,0x00000000f8800000)
 ParOldGen       total 419328K, used 83261K [0x0000000080000000, 0x0000000099980000, 0x00000000d5580000)
  object space 419328K, 19% used [0x0000000080000000,0x000000008514f630,0x0000000099980000)
 Metaspace       used 203623K, capacity 210786K, committed 210928K, reserved 1234944K
  class space    used 24324K, capacity 25588K, committed 25648K, reserved 1048576K
Event: 7684.930 GC heap after
Heap after GC invocations=36 (full 5):
 PSYoungGen      total 576000K, used 32701K [0x00000000d5580000, 0x00000000ffd00000, 0x0000000100000000)
  eden space 463872K, 0% used [0x00000000d5580000,0x00000000d5580000,0x00000000f1a80000)
  from space 112128K, 29% used [0x00000000f1a80000,0x00000000f3a6f628,0x00000000f8800000)
  to   space 107008K, 0% used [0x00000000f9480000,0x00000000f9480000,0x00000000ffd00000)
 ParOldGen       total 419328K, used 83269K [0x0000000080000000, 0x0000000099980000, 0x00000000d5580000)
  object space 419328K, 19% used [0x0000000080000000,0x0000000085151630,0x0000000099980000)
 Metaspace       used 203623K, capacity 210786K, committed 210928K, reserved 1234944K
  class space    used 24324K, capacity 25588K, committed 25648K, reserved 1048576K
}
Event: 7740.903 GC heap before
{Heap before GC invocations=37 (full 5):
 PSYoungGen      total 576000K, used 496573K [0x00000000d5580000, 0x00000000ffd00000, 0x0000000100000000)
  eden space 463872K, 100% used [0x00000000d5580000,0x00000000f1a80000,0x00000000f1a80000)
  from space 112128K, 29% used [0x00000000f1a80000,0x00000000f3a6f628,0x00000000f8800000)
  to   space 107008K, 0% used [0x00000000f9480000,0x00000000f9480000,0x00000000ffd00000)
 ParOldGen       total 419328K, used 83269K [0x0000000080000000, 0x0000000099980000, 0x00000000d5580000)
  object space 419328K, 19% used [0x0000000080000000,0x0000000085151630,0x0000000099980000)
 Metaspace       used 204939K, capacity 213694K, committed 214000K, reserved 1236992K
  class space    used 24569K, capacity 26040K, committed 26160K, reserved 1048576K
Event: 7740.916 GC heap after
Heap after GC invocations=37 (full 5):
 PSYoungGen      total 577536K, used 26025K [0x00000000d5580000, 0x00000000ff400000, 0x0000000100000000)
  eden space 479744K, 0% used [0x00000000d5580000,0x00000000d5580000,0x00000000f2a00000)
  from space 97792K, 26% used [0x00000000f9480000,0x00000000fadea4f8,0x00000000ff400000)
  to   space 103424K, 0% used [0x00000000f2a00000,0x00000000f2a00000,0x00000000f8f00000)
 ParOldGen       total 419328K, used 83277K [0x0000000080000000, 0x0000000099980000, 0x00000000d5580000)
  object space 419328K, 19% used [0x0000000080000000,0x0000000085153630,0x0000000099980000)
 Metaspace       used 204939K, capacity 213694K, committed 214000K, reserved 1236992K
  class space    used 24569K, capacity 26040K, committed 26160K, reserved 1048576K
}
Event: 7753.595 GC heap before
{Heap before GC invocations=38 (full 5):
 PSYoungGen      total 577536K, used 505769K [0x00000000d5580000, 0x00000000ff400000, 0x0000000100000000)
  eden space 479744K, 100% used [0x00000000d5580000,0x00000000f2a00000,0x00000000f2a00000)
  from space 97792K, 26% used [0x00000000f9480000,0x00000000fadea4f8,0x00000000ff400000)
  to   space 103424K, 0% used [0x00000000f2a00000,0x00000000f2a00000,0x00000000f8f00000)
 ParOldGen       total 419328K, used 83277K [0x0000000080000000, 0x0000000099980000, 0x00000000d5580000)
  object space 419328K, 19% used [0x0000000080000000,0x0000000085153630,0x0000000099980000)
 Metaspace       used 207182K, capacity 216300K, committed 216432K, reserved 1239040K
  class space    used 24863K, capacity 26423K, committed 26544K, reserved 1048576K
Event: 7753.614 GC heap after
Heap after GC invocations=38 (full 5):
 PSYoungGen      total 583168K, used 34185K [0x00000000d5580000, 0x00000000ffb80000, 0x0000000100000000)
  eden space 479744K, 0% used [0x00000000d5580000,0x00000000d5580000,0x00000000f2a00000)
  from space 103424K, 33% used [0x00000000f2a00000,0x00000000f4b624c8,0x00000000f8f00000)
  to   space 98304K, 0% used [0x00000000f9b80000,0x00000000f9b80000,0x00000000ffb80000)
 ParOldGen       total 419328K, used 83285K [0x0000000080000000, 0x0000000099980000, 0x00000000d5580000)
  object space 419328K, 19% used [0x0000000080000000,0x0000000085155630,0x0000000099980000)
 Metaspace       used 207182K, capacity 216300K, committed 216432K, reserved 1239040K
  class space    used 24863K, capacity 26423K, committed 26544K, reserved 1048576K
}

